<?xml version="1.0" encoding="UTF-8"?>
<!-- Generated by org.testng.reporters.JUnitReportReporter -->
<testsuite hostname="DESKTOP-IM8C7RO" name="series.AppTest" tests="1" failures="0" timestamp="2 Nov 2021 16:12:19 GMT" time="0.026" errors="0">
  <testcase name="testHelloMessage" time="0.026" classname="series.AppTest"/>
</testsuite> <!-- series.AppTest -->
